生成启动时间为 2018/10/31 16:15:46。
     1>项目“D:\co_dev_git\plumEngine\src\common\common.vcxproj”在节点 2 上(Rebuild 个目标)。
     1>ClCompile:
         C:\Program Files (x86)\Microsoft Visual Studio 12.0\VC\bin\x86_amd64\CL.exe /c /Zi /nologo /W3 /WX- /sdl /O2 /Oi /GL /D _MBCS /Gm- /EHsc /MD /GS /Gy /fp:precise /Zc:wchar_t /Zc:forScope /Fo"x64\Release\\" /Fd"x64\Release\vc120.pdb" /Gd /TP /errorReport:prompt /D _CRT_SECURE_NO_WARNINGS CAdvanceTick.cpp log.cpp CLogger.cpp CNewTick.cpp CNewTickMgr.cpp CNewTimeSystem.cpp CTime.cpp
         CAdvanceTick.cpp
         log.cpp
         CLogger.cpp
         CNewTick.cpp
         CNewTickMgr.cpp
         CNewTimeSystem.cpp
         CTime.cpp
       Lib:
         C:\Program Files (x86)\Microsoft Visual Studio 12.0\VC\bin\x86_amd64\Lib.exe /OUT:"..\..\libs\common.lib" /NOLOGO /MACHINE:X64 /LTCG x64\Release\CAdvanceTick.obj
         x64\Release\log.obj
         x64\Release\CLogger.obj
         x64\Release\CNewTick.obj
         x64\Release\CNewTickMgr.obj
         x64\Release\CNewTimeSystem.obj
         x64\Release\CTime.obj
         common.vcxproj -> D:\co_dev_git\plumEngine\src\common\..\..\libs\common.lib
     1>已完成生成项目“D:\co_dev_git\plumEngine\src\common\common.vcxproj”(Rebuild 个目标)的操作。

生成成功。

已用时间 00:00:04.53
